<?xml version="1.0" encoding="UTF-8"?>
<!-- Generated by org.testng.reporters.JUnitReportReporter -->
<testsuite skipped="39" hostname="qtlsys2-139" name="pack.AA_TN_TLP" tests="48" failures="0" timestamp="31 Jul 2019 06:38:40 GMT" time="2942.227" errors="4">
  <testcase name="Loan_EncryptionKey_Void" time="144.128" classname="pack.AA_TN_TLP"/>
  <testcase name="getResult" time="0.097" classname="pack.AA_TN_TLP">
    <error type="org.openqa.selenium.NoSuchWindowException" message="Unable to get browser (WARNING: The server did not provide any stacktrace information)
Command duration or timeout: 0 milliseconds
Build info: version: &#039;3.14.0&#039;, revision: &#039;aacccce0&#039;, time: &#039;2018-08-02T20:19:58.91Z&#039;
System info: host: &#039;QTLSYS2-139&#039;, ip: &#039;192.168.2.139&#039;, os.name: &#039;Windows 7&#039;, os.arch: &#039;amd64&#039;, os.version: &#039;6.1&#039;, java.version: &#039;1.8.0_101&#039;
Driver info: org.openqa.selenium.ie.InternetExplorerDriver
Capabilities {browserAttachTimeout: 0, browserName: internet explorer, cssSelectorsEnabled: true, elementScrollBehavior: 0, enableElementCacheCleanup: true, enablePersistentHover: true, handlesAlerts: true, ie.browserCommandLineSwitches: , ie.ensureCleanSession: false, ie.forceCreateProcessApi: false, ie.usePerProcessProxy: false, ignoreProtectedModeSettings: false, ignoreZoomSetting: false, initialBrowserUrl: http://localhost:33260/, javascriptEnabled: true, nativeEvents: true, platform: WINDOWS, platformName: WINDOWS, requireWindowFocus: false, takesScreenshot: true, unexpectedAlertBehaviour: dismiss, unhandledPromptBehavior: dismiss, version: 11}
Session ID: 06387d3e-78c1-46b4-a21a-d3117b7841d3">
      <![CDATA[org.openqa.selenium.NoSuchWindowException: Unable to get browser (WARNING: The server did not provide any stacktrace information)
Command duration or timeout: 0 milliseconds
Build info: version: '3.14.0', revision: 'aacccce0', time: '2018-08-02T20:19:58.91Z'
System info: host: 'QTLSYS2-139', ip: '192.168.2.139', os.name: 'Windows 7', os.arch: 'amd64', os.version: '6.1', java.version: '1.8.0_101'
Driver info: org.openqa.selenium.ie.InternetExplorerDriver
Capabilities {browserAttachTimeout: 0, browserName: internet explorer, cssSelectorsEnabled: true, elementScrollBehavior: 0, enableElementCacheCleanup: true, enablePersistentHover: true, handlesAlerts: true, ie.browserCommandLineSwitches: , ie.ensureCleanSession: false, ie.forceCreateProcessApi: false, ie.usePerProcessProxy: false, ignoreProtectedModeSettings: false, ignoreZoomSetting: false, initialBrowserUrl: http://localhost:33260/, javascriptEnabled: true, nativeEvents: true, platform: WINDOWS, platformName: WINDOWS, requireWindowFocus: false, takesScreenshot: true, unexpectedAlertBehaviour: dismiss, unhandledPromptBehavior: dismiss, version: 11}
Session ID: 06387d3e-78c1-46b4-a21a-d3117b7841d3
at sun.reflect.NativeConstructorAccessorImpl.newInstance0(Native Method)
at sun.reflect.NativeConstructorAccessorImpl.newInstance(Unknown Source)
at sun.reflect.DelegatingConstructorAccessorImpl.newInstance(Unknown Source)
at java.lang.reflect.Constructor.newInstance(Unknown Source)
at org.openqa.selenium.remote.ErrorHandler.createThrowable(ErrorHandler.java:214)
at org.openqa.selenium.remote.ErrorHandler.throwIfResponseFailed(ErrorHandler.java:166)
at org.openqa.selenium.remote.http.JsonHttpResponseCodec.reconstructValue(JsonHttpResponseCodec.java:40)
at org.openqa.selenium.remote.http.AbstractHttpResponseCodec.decode(AbstractHttpResponseCodec.java:80)
at org.openqa.selenium.remote.http.AbstractHttpResponseCodec.decode(AbstractHttpResponseCodec.java:44)
at org.openqa.selenium.remote.HttpCommandExecutor.execute(HttpCommandExecutor.java:158)
at org.openqa.selenium.remote.service.DriverCommandExecutor.execute(DriverCommandExecutor.java:83)
at org.openqa.selenium.remote.RemoteWebDriver.execute(RemoteWebDriver.java:548)
at org.openqa.selenium.remote.RemoteWebDriver.execute(RemoteWebDriver.java:605)
at org.openqa.selenium.remote.RemoteWebDriver.getScreenshotAs(RemoteWebDriver.java:294)
at pack.AA_TN_TLP.getScreenhot(AA_TN_TLP.java:2679)
at pack.AA_TN_TLP.getResult(AA_TN_TLP.java:2660)
at sun.reflect.NativeMethodAccessorImpl.invoke0(Native Method)
at sun.reflect.NativeMethodAccessorImpl.invoke(Unknown Source)
at sun.reflect.DelegatingMethodAccessorImpl.invoke(Unknown Source)
at java.lang.reflect.Method.invoke(Unknown Source)
at org.testng.internal.MethodInvocationHelper.invokeMethod(MethodInvocationHelper.java:124)
at org.testng.internal.MethodInvocationHelper.invokeMethodConsideringTimeout(MethodInvocationHelper.java:59)
at org.testng.internal.Invoker.invokeConfigurationMethod(Invoker.java:458)
at org.testng.internal.Invoker.invokeConfigurations(Invoker.java:222)
at org.testng.internal.Invoker.invokeMethod(Invoker.java:646)
at org.testng.internal.Invoker.invokeTestMethod(Invoker.java:719)
at org.testng.internal.Invoker.invokeTestMethods(Invoker.java:989)
at org.testng.internal.TestMethodWorker.invokeTestMethods(TestMethodWorker.java:125)
at org.testng.internal.TestMethodWorker.run(TestMethodWorker.java:109)
at org.testng.TestRunner.privateRun(TestRunner.java:648)
at org.testng.TestRunner.run(TestRunner.java:505)
at org.testng.SuiteRunner.runTest(SuiteRunner.java:455)
at org.testng.SuiteRunner.runSequentially(SuiteRunner.java:450)
at org.testng.SuiteRunner.privateRun(SuiteRunner.java:415)
at org.testng.SuiteRunner.run(SuiteRunner.java:364)
at org.testng.SuiteRunnerWorker.runSuite(SuiteRunnerWorker.java:52)
at org.testng.SuiteRunnerWorker.run(SuiteRunnerWorker.java:84)
at org.testng.TestNG.runSuitesSequentially(TestNG.java:1208)
at org.testng.TestNG.runSuitesLocally(TestNG.java:1137)
at org.testng.TestNG.runSuites(TestNG.java:1049)
at org.testng.TestNG.run(TestNG.java:1017)
at org.testng.remote.AbstractRemoteTestNG.run(AbstractRemoteTestNG.java:114)
at org.testng.remote.RemoteTestNG.initAndRun(RemoteTestNG.java:251)
at org.testng.remote.RemoteTestNG.main(RemoteTestNG.java:77)
]]>
    </error>
  </testcase> <!-- getResult -->
  <testcase name="Loan_AgestoreRescindDays_Rescind" time="115.789" classname="pack.AA_TN_TLP"/>
  <testcase name="NewLoan_multiplel_disbursement_void" time="112.690" classname="pack.AA_TN_TLP">
    <error type="org.openqa.selenium.NoSuchElementException" message="Unable to find element with name == requestBean.titleNumber (WARNING: The server did not provide any stacktrace information)
Command duration or timeout: 0 milliseconds
For documentation on this error, please visit: http://seleniumhq.org/exceptions/no_such_element.html
Build info: version: &#039;3.14.0&#039;, revision: &#039;aacccce0&#039;, time: &#039;2018-08-02T20:19:58.91Z&#039;
System info: host: &#039;QTLSYS2-139&#039;, ip: &#039;192.168.2.139&#039;, os.name: &#039;Windows 7&#039;, os.arch: &#039;amd64&#039;, os.version: &#039;6.1&#039;, java.version: &#039;1.8.0_101&#039;
Driver info: org.openqa.selenium.ie.InternetExplorerDriver
Capabilities {browserAttachTimeout: 0, browserName: internet explorer, cssSelectorsEnabled: true, elementScrollBehavior: 0, enableElementCacheCleanup: true, enablePersistentHover: true, handlesAlerts: true, ie.browserCommandLineSwitches: , ie.ensureCleanSession: false, ie.forceCreateProcessApi: false, ie.usePerProcessProxy: false, ignoreProtectedModeSettings: false, ignoreZoomSetting: false, initialBrowserUrl: http://localhost:16817/, javascriptEnabled: true, nativeEvents: true, platform: WINDOWS, platformName: WINDOWS, requireWindowFocus: false, takesScreenshot: true, unexpectedAlertBehaviour: dismiss, unhandledPromptBehavior: dismiss, version: 11}
Session ID: a2d8d2d7-cd31-4441-996f-d5ccb5d502cd
*** Element info: {Using=name, value=requestBean.titleNumber}">
      <![CDATA[org.openqa.selenium.NoSuchElementException: Unable to find element with name == requestBean.titleNumber (WARNING: The server did not provide any stacktrace information)
Command duration or timeout: 0 milliseconds
For documentation on this error, please visit: http://seleniumhq.org/exceptions/no_such_element.html
Build info: version: '3.14.0', revision: 'aacccce0', time: '2018-08-02T20:19:58.91Z'
System info: host: 'QTLSYS2-139', ip: '192.168.2.139', os.name: 'Windows 7', os.arch: 'amd64', os.version: '6.1', java.version: '1.8.0_101'
Driver info: org.openqa.selenium.ie.InternetExplorerDriver
Capabilities {browserAttachTimeout: 0, browserName: internet explorer, cssSelectorsEnabled: true, elementScrollBehavior: 0, enableElementCacheCleanup: true, enablePersistentHover: true, handlesAlerts: true, ie.browserCommandLineSwitches: , ie.ensureCleanSession: false, ie.forceCreateProcessApi: false, ie.usePerProcessProxy: false, ignoreProtectedModeSettings: false, ignoreZoomSetting: false, initialBrowserUrl: http://localhost:16817/, javascriptEnabled: true, nativeEvents: true, platform: WINDOWS, platformName: WINDOWS, requireWindowFocus: false, takesScreenshot: true, unexpectedAlertBehaviour: dismiss, unhandledPromptBehavior: dismiss, version: 11}
Session ID: a2d8d2d7-cd31-4441-996f-d5ccb5d502cd
*** Element info: {Using=name, value=requestBean.titleNumber}
at sun.reflect.NativeConstructorAccessorImpl.newInstance0(Native Method)
at sun.reflect.NativeConstructorAccessorImpl.newInstance(Unknown Source)
at sun.reflect.DelegatingConstructorAccessorImpl.newInstance(Unknown Source)
at java.lang.reflect.Constructor.newInstance(Unknown Source)
at org.openqa.selenium.remote.ErrorHandler.createThrowable(ErrorHandler.java:214)
at org.openqa.selenium.remote.ErrorHandler.throwIfResponseFailed(ErrorHandler.java:166)
at org.openqa.selenium.remote.http.JsonHttpResponseCodec.reconstructValue(JsonHttpResponseCodec.java:40)
at org.openqa.selenium.remote.http.AbstractHttpResponseCodec.decode(AbstractHttpResponseCodec.java:80)
at org.openqa.selenium.remote.http.AbstractHttpResponseCodec.decode(AbstractHttpResponseCodec.java:44)
at org.openqa.selenium.remote.HttpCommandExecutor.execute(HttpCommandExecutor.java:158)
at org.openqa.selenium.remote.service.DriverCommandExecutor.execute(DriverCommandExecutor.java:83)
at org.openqa.selenium.remote.RemoteWebDriver.execute(RemoteWebDriver.java:548)
at org.openqa.selenium.remote.RemoteWebDriver.findElement(RemoteWebDriver.java:322)
at org.openqa.selenium.remote.RemoteWebDriver.findElementByName(RemoteWebDriver.java:400)
at org.openqa.selenium.By$ByName.findElement(By.java:284)
at org.openqa.selenium.remote.RemoteWebDriver.findElement(RemoteWebDriver.java:314)
at pack.NewLoan_MultipulDisbtypes.NewLoan_MultipulDisbtypes(NewLoan_MultipulDisbtypes.java:243)
at pack.AA_TN_TLP.NewLoan_multiplel_disbursement_void(AA_TN_TLP.java:216)
at sun.reflect.NativeMethodAccessorImpl.invoke0(Native Method)
at sun.reflect.NativeMethodAccessorImpl.invoke(Unknown Source)
at sun.reflect.DelegatingMethodAccessorImpl.invoke(Unknown Source)
at java.lang.reflect.Method.invoke(Unknown Source)
at org.testng.internal.MethodInvocationHelper.invokeMethod(MethodInvocationHelper.java:124)
at org.testng.internal.Invoker.invokeMethod(Invoker.java:583)
at org.testng.internal.Invoker.invokeTestMethod(Invoker.java:719)
at org.testng.internal.Invoker.invokeTestMethods(Invoker.java:989)
at org.testng.internal.TestMethodWorker.invokeTestMethods(TestMethodWorker.java:125)
at org.testng.internal.TestMethodWorker.run(TestMethodWorker.java:109)
at org.testng.TestRunner.privateRun(TestRunner.java:648)
at org.testng.TestRunner.run(TestRunner.java:505)
at org.testng.SuiteRunner.runTest(SuiteRunner.java:455)
at org.testng.SuiteRunner.runSequentially(SuiteRunner.java:450)
at org.testng.SuiteRunner.privateRun(SuiteRunner.java:415)
at org.testng.SuiteRunner.run(SuiteRunner.java:364)
at org.testng.SuiteRunnerWorker.runSuite(SuiteRunnerWorker.java:52)
at org.testng.SuiteRunnerWorker.run(SuiteRunnerWorker.java:84)
at org.testng.TestNG.runSuitesSequentially(TestNG.java:1208)
at org.testng.TestNG.runSuitesLocally(TestNG.java:1137)
at org.testng.TestNG.runSuites(TestNG.java:1049)
at org.testng.TestNG.run(TestNG.java:1017)
at org.testng.remote.AbstractRemoteTestNG.run(AbstractRemoteTestNG.java:114)
at org.testng.remote.RemoteTestNG.initAndRun(RemoteTestNG.java:251)
at org.testng.remote.RemoteTestNG.main(RemoteTestNG.java:77)
]]>
    </error>
  </testcase> <!-- NewLoan_multiplel_disbursement_void -->
  <testcase name="NewLoan_Paymenttoapportinateprinciple_Void_Cancelreschudle" time="261.256" classname="pack.AA_TN_TLP"/>
  <testcase name="TwoLoansameVIN_OneLoanDefault_OutofReposhouldnotpostotherLoan" time="563.710" classname="pack.AA_TN_TLP"/>
  <testcase name="TwoLoansameVIN_OneDefault_Repossession_RepossessionshouldposttwoLoans" time="583.052" classname="pack.AA_TN_TLP"/>
  <testcase name="TwoLoansameVIN_Default_Repossion_repoPaymentmoreAmount_ShouldnoteffectotherLoan" time="614.266" classname="pack.AA_TN_TLP">
    <error type="org.openqa.selenium.UnhandledAlertException" message="Modal dialog present: Repossession date may not be in future.
Build info: version: &#039;3.14.0&#039;, revision: &#039;aacccce0&#039;, time: &#039;2018-08-02T20:19:58.91Z&#039;
System info: host: &#039;QTLSYS2-139&#039;, ip: &#039;192.168.2.139&#039;, os.name: &#039;Windows 7&#039;, os.arch: &#039;amd64&#039;, os.version: &#039;6.1&#039;, java.version: &#039;1.8.0_101&#039;
Driver info: org.openqa.selenium.ie.InternetExplorerDriver
Capabilities {browserAttachTimeout: 0, browserName: internet explorer, cssSelectorsEnabled: true, elementScrollBehavior: 0, enableElementCacheCleanup: true, enablePersistentHover: true, handlesAlerts: true, ie.browserCommandLineSwitches: , ie.ensureCleanSession: false, ie.forceCreateProcessApi: false, ie.usePerProcessProxy: false, ignoreProtectedModeSettings: false, ignoreZoomSetting: false, initialBrowserUrl: http://localhost:31183/, javascriptEnabled: true, nativeEvents: true, platform: WINDOWS, platformName: WINDOWS, requireWindowFocus: false, takesScreenshot: true, unexpectedAlertBehaviour: dismiss, unhandledPromptBehavior: dismiss, version: 11}
Session ID: c92411f2-14af-4e1f-9797-cfbc0f9f783a">
      <![CDATA[org.openqa.selenium.UnhandledAlertException: Modal dialog present: Repossession date may not be in future.
Build info: version: '3.14.0', revision: 'aacccce0', time: '2018-08-02T20:19:58.91Z'
System info: host: 'QTLSYS2-139', ip: '192.168.2.139', os.name: 'Windows 7', os.arch: 'amd64', os.version: '6.1', java.version: '1.8.0_101'
Driver info: org.openqa.selenium.ie.InternetExplorerDriver
Capabilities {browserAttachTimeout: 0, browserName: internet explorer, cssSelectorsEnabled: true, elementScrollBehavior: 0, enableElementCacheCleanup: true, enablePersistentHover: true, handlesAlerts: true, ie.browserCommandLineSwitches: , ie.ensureCleanSession: false, ie.forceCreateProcessApi: false, ie.usePerProcessProxy: false, ignoreProtectedModeSettings: false, ignoreZoomSetting: false, initialBrowserUrl: http://localhost:31183/, javascriptEnabled: true, nativeEvents: true, platform: WINDOWS, platformName: WINDOWS, requireWindowFocus: false, takesScreenshot: true, unexpectedAlertBehaviour: dismiss, unhandledPromptBehavior: dismiss, version: 11}
Session ID: c92411f2-14af-4e1f-9797-cfbc0f9f783a
at sun.reflect.NativeConstructorAccessorImpl.newInstance0(Native Method)
at sun.reflect.NativeConstructorAccessorImpl.newInstance(Unknown Source)
at sun.reflect.DelegatingConstructorAccessorImpl.newInstance(Unknown Source)
at java.lang.reflect.Constructor.newInstance(Unknown Source)
at org.openqa.selenium.remote.ErrorHandler.createThrowable(ErrorHandler.java:214)
at org.openqa.selenium.remote.ErrorHandler.createUnhandledAlertException(ErrorHandler.java:195)
at org.openqa.selenium.remote.ErrorHandler.throwIfResponseFailed(ErrorHandler.java:156)
at org.openqa.selenium.remote.http.JsonHttpResponseCodec.reconstructValue(JsonHttpResponseCodec.java:40)
at org.openqa.selenium.remote.http.AbstractHttpResponseCodec.decode(AbstractHttpResponseCodec.java:80)
at org.openqa.selenium.remote.http.AbstractHttpResponseCodec.decode(AbstractHttpResponseCodec.java:44)
at org.openqa.selenium.remote.HttpCommandExecutor.execute(HttpCommandExecutor.java:158)
at org.openqa.selenium.remote.service.DriverCommandExecutor.execute(DriverCommandExecutor.java:83)
at org.openqa.selenium.remote.RemoteWebDriver.execute(RemoteWebDriver.java:548)
at org.openqa.selenium.remote.RemoteWebDriver$RemoteTargetLocator.defaultContent(RemoteWebDriver.java:918)
at pack.Repossession.Repossession(Repossession.java:330)
at pack.AA_TN_TLP.TwoLoansameVIN_Default_Repossion_repoPaymentmoreAmount_ShouldnoteffectotherLoan(AA_TN_TLP.java:484)
at sun.reflect.NativeMethodAccessorImpl.invoke0(Native Method)
at sun.reflect.NativeMethodAccessorImpl.invoke(Unknown Source)
at sun.reflect.DelegatingMethodAccessorImpl.invoke(Unknown Source)
at java.lang.reflect.Method.invoke(Unknown Source)
at org.testng.internal.MethodInvocationHelper.invokeMethod(MethodInvocationHelper.java:124)
at org.testng.internal.Invoker.invokeMethod(Invoker.java:583)
at org.testng.internal.Invoker.invokeTestMethod(Invoker.java:719)
at org.testng.internal.Invoker.invokeTestMethods(Invoker.java:989)
at org.testng.internal.TestMethodWorker.invokeTestMethods(TestMethodWorker.java:125)
at org.testng.internal.TestMethodWorker.run(TestMethodWorker.java:109)
at org.testng.TestRunner.privateRun(TestRunner.java:648)
at org.testng.TestRunner.run(TestRunner.java:505)
at org.testng.SuiteRunner.runTest(SuiteRunner.java:455)
at org.testng.SuiteRunner.runSequentially(SuiteRunner.java:450)
at org.testng.SuiteRunner.privateRun(SuiteRunner.java:415)
at org.testng.SuiteRunner.run(SuiteRunner.java:364)
at org.testng.SuiteRunnerWorker.runSuite(SuiteRunnerWorker.java:52)
at org.testng.SuiteRunnerWorker.run(SuiteRunnerWorker.java:84)
at org.testng.TestNG.runSuitesSequentially(TestNG.java:1208)
at org.testng.TestNG.runSuitesLocally(TestNG.java:1137)
at org.testng.TestNG.runSuites(TestNG.java:1049)
at org.testng.TestNG.run(TestNG.java:1017)
at org.testng.remote.AbstractRemoteTestNG.run(AbstractRemoteTestNG.java:114)
at org.testng.remote.RemoteTestNG.initAndRun(RemoteTestNG.java:251)
at org.testng.remote.RemoteTestNG.main(RemoteTestNG.java:77)
]]>
    </error>
  </testcase> <!-- TwoLoansameVIN_Default_Repossion_repoPaymentmoreAmount_ShouldnoteffectotherLoan -->
  <testcase name="TwoLoansonsameVin_Default_Repossession_OneLoanAcution_ShouldnoteffectotherLoan" time="541.287" classname="pack.AA_TN_TLP">
    <error type="org.openqa.selenium.NoSuchWindowException" message="Unable to get browser (WARNING: The server did not provide any stacktrace information)
Command duration or timeout: 0 milliseconds
Build info: version: &#039;3.14.0&#039;, revision: &#039;aacccce0&#039;, time: &#039;2018-08-02T20:19:58.91Z&#039;
System info: host: &#039;QTLSYS2-139&#039;, ip: &#039;192.168.2.139&#039;, os.name: &#039;Windows 7&#039;, os.arch: &#039;amd64&#039;, os.version: &#039;6.1&#039;, java.version: &#039;1.8.0_101&#039;
Driver info: org.openqa.selenium.ie.InternetExplorerDriver
Capabilities {browserAttachTimeout: 0, browserName: internet explorer, cssSelectorsEnabled: true, elementScrollBehavior: 0, enableElementCacheCleanup: true, enablePersistentHover: true, handlesAlerts: true, ie.browserCommandLineSwitches: , ie.ensureCleanSession: false, ie.forceCreateProcessApi: false, ie.usePerProcessProxy: false, ignoreProtectedModeSettings: false, ignoreZoomSetting: false, initialBrowserUrl: http://localhost:33260/, javascriptEnabled: true, nativeEvents: true, platform: WINDOWS, platformName: WINDOWS, requireWindowFocus: false, takesScreenshot: true, unexpectedAlertBehaviour: dismiss, unhandledPromptBehavior: dismiss, version: 11}
Session ID: 06387d3e-78c1-46b4-a21a-d3117b7841d3">
      <![CDATA[org.openqa.selenium.NoSuchWindowException: Unable to get browser (WARNING: The server did not provide any stacktrace information)
Command duration or timeout: 0 milliseconds
Build info: version: '3.14.0', revision: 'aacccce0', time: '2018-08-02T20:19:58.91Z'
System info: host: 'QTLSYS2-139', ip: '192.168.2.139', os.name: 'Windows 7', os.arch: 'amd64', os.version: '6.1', java.version: '1.8.0_101'
Driver info: org.openqa.selenium.ie.InternetExplorerDriver
Capabilities {browserAttachTimeout: 0, browserName: internet explorer, cssSelectorsEnabled: true, elementScrollBehavior: 0, enableElementCacheCleanup: true, enablePersistentHover: true, handlesAlerts: true, ie.browserCommandLineSwitches: , ie.ensureCleanSession: false, ie.forceCreateProcessApi: false, ie.usePerProcessProxy: false, ignoreProtectedModeSettings: false, ignoreZoomSetting: false, initialBrowserUrl: http://localhost:33260/, javascriptEnabled: true, nativeEvents: true, platform: WINDOWS, platformName: WINDOWS, requireWindowFocus: false, takesScreenshot: true, unexpectedAlertBehaviour: dismiss, unhandledPromptBehavior: dismiss, version: 11}
Session ID: 06387d3e-78c1-46b4-a21a-d3117b7841d3
at sun.reflect.NativeConstructorAccessorImpl.newInstance0(Native Method)
at sun.reflect.NativeConstructorAccessorImpl.newInstance(Unknown Source)
at sun.reflect.DelegatingConstructorAccessorImpl.newInstance(Unknown Source)
at java.lang.reflect.Constructor.newInstance(Unknown Source)
at org.openqa.selenium.remote.ErrorHandler.createThrowable(ErrorHandler.java:214)
at org.openqa.selenium.remote.ErrorHandler.throwIfResponseFailed(ErrorHandler.java:166)
at org.openqa.selenium.remote.http.JsonHttpResponseCodec.reconstructValue(JsonHttpResponseCodec.java:40)
at org.openqa.selenium.remote.http.AbstractHttpResponseCodec.decode(AbstractHttpResponseCodec.java:80)
at org.openqa.selenium.remote.http.AbstractHttpResponseCodec.decode(AbstractHttpResponseCodec.java:44)
at org.openqa.selenium.remote.HttpCommandExecutor.execute(HttpCommandExecutor.java:158)
at org.openqa.selenium.remote.service.DriverCommandExecutor.execute(DriverCommandExecutor.java:83)
at org.openqa.selenium.remote.RemoteWebDriver.execute(RemoteWebDriver.java:548)
at org.openqa.selenium.remote.RemoteWebDriver$RemoteTargetLocator.defaultContent(RemoteWebDriver.java:918)
at pack.OutToRepo.OutToRepo(OutToRepo.java:254)
at pack.AA_TN_TLP.TwoLoansonsameVin_Default_Repossession_OneLoanAcution_ShouldnoteffectotherLoan(AA_TN_TLP.java:558)
at sun.reflect.NativeMethodAccessorImpl.invoke0(Native Method)
at sun.reflect.NativeMethodAccessorImpl.invoke(Unknown Source)
at sun.reflect.DelegatingMethodAccessorImpl.invoke(Unknown Source)
at java.lang.reflect.Method.invoke(Unknown Source)
at org.testng.internal.MethodInvocationHelper.invokeMethod(MethodInvocationHelper.java:124)
at org.testng.internal.Invoker.invokeMethod(Invoker.java:583)
at org.testng.internal.Invoker.invokeTestMethod(Invoker.java:719)
at org.testng.internal.Invoker.invokeTestMethods(Invoker.java:989)
at org.testng.internal.TestMethodWorker.invokeTestMethods(TestMethodWorker.java:125)
at org.testng.internal.TestMethodWorker.run(TestMethodWorker.java:109)
at org.testng.TestRunner.privateRun(TestRunner.java:648)
at org.testng.TestRunner.run(TestRunner.java:505)
at org.testng.SuiteRunner.runTest(SuiteRunner.java:455)
at org.testng.SuiteRunner.runSequentially(SuiteRunner.java:450)
at org.testng.SuiteRunner.privateRun(SuiteRunner.java:415)
at org.testng.SuiteRunner.run(SuiteRunner.java:364)
at org.testng.SuiteRunnerWorker.runSuite(SuiteRunnerWorker.java:52)
at org.testng.SuiteRunnerWorker.run(SuiteRunnerWorker.java:84)
at org.testng.TestNG.runSuitesSequentially(TestNG.java:1208)
at org.testng.TestNG.runSuitesLocally(TestNG.java:1137)
at org.testng.TestNG.runSuites(TestNG.java:1049)
at org.testng.TestNG.run(TestNG.java:1017)
at org.testng.remote.AbstractRemoteTestNG.run(AbstractRemoteTestNG.java:114)
at org.testng.remote.RemoteTestNG.initAndRun(RemoteTestNG.java:251)
at org.testng.remote.RemoteTestNG.main(RemoteTestNG.java:77)
]]>
    </error>
  </testcase> <!-- TwoLoansonsameVin_Default_Repossession_OneLoanAcution_ShouldnoteffectotherLoan -->
  <testcase name="TwoLoansonsameVin_Default_saleLessAmount_RemainingAmountShouldbwaived" time="4.644" classname="pack.AA_TN_TLP">
    <skipped/>
  </testcase> <!-- TwoLoansonsameVin_Default_saleLessAmount_RemainingAmountShouldbwaived -->
  <testcase name="TwoLoansonsameVin_Default_saleMoreAmount_RemainingAmountShouldbwaived" time="0.175" classname="pack.AA_TN_TLP">
    <skipped/>
  </testcase> <!-- TwoLoansonsameVin_Default_saleMoreAmount_RemainingAmountShouldbwaived -->
  <testcase name="BorrowerNewLoan_Rule_TLP" time="0.026" classname="pack.AA_TN_TLP">
    <skipped/>
  </testcase> <!-- BorrowerNewLoan_Rule_TLP -->
  <testcase name="Loan_InstallmentPayment_Void_TLP" time="0.022" classname="pack.AA_TN_TLP">
    <skipped/>
  </testcase> <!-- Loan_InstallmentPayment_Void_TLP -->
  <testcase name="AA_Loan__Payment__RenewLoanDueDate__shouldnotdisplayVoid" time="0.023" classname="pack.AA_TN_TLP">
    <skipped/>
  </testcase> <!-- AA_Loan__Payment__RenewLoanDueDate__shouldnotdisplayVoid -->
  <testcase name="Loan_GenerateLetter_EOD1stInstDate_EOD2ndInstDate_Default_DefaultPmt_Void_CheckLoanStatus" time="0.026" classname="pack.AA_TN_TLP">
    <skipped/>
  </testcase> <!-- Loan_GenerateLetter_EOD1stInstDate_EOD2ndInstDate_Default_DefaultPmt_Void_CheckLoanStatus -->
  <testcase name="Loan_Letter10days1stDuedate_Miss1stInstPmt_RenewLoan1stDuedate_Pay1stInstAmtAfterletterGeneration_AppApportionate" time="0.029" classname="pack.AA_TN_TLP">
    <skipped/>
  </testcase> <!-- Loan_Letter10days1stDuedate_Miss1stInstPmt_RenewLoan1stDuedate_Pay1stInstAmtAfterletterGeneration_AppApportionate -->
  <testcase name="Loan_PaymentForInterestAmount_paymentForFee_paymentforPrincipleAmount_ReviseSchedule" time="0.024" classname="pack.AA_TN_TLP">
    <skipped/>
  </testcase> <!-- Loan_PaymentForInterestAmount_paymentForFee_paymentforPrincipleAmount_ReviseSchedule -->
  <testcase name="AA_OneCustomer_OneVIN_TwoLoans_ThirdLoanNotOriginate_TLP" time="0.023" classname="pack.AA_TN_TLP">
    <skipped/>
  </testcase> <!-- AA_OneCustomer_OneVIN_TwoLoans_ThirdLoanNotOriginate_TLP -->
  <testcase name="TwoLoans_TwoCustomers_OneVIN_3rdLoanNotOriginate" time="0.030" classname="pack.AA_TN_TLP">
    <skipped/>
  </testcase> <!-- TwoLoans_TwoCustomers_OneVIN_3rdLoanNotOriginate -->
  <testcase name="Loan_PartialPmtStopRenewal_LetterNotGenerate_EOD1stInsDueDate_LoanNotRenewed_Default_DFLTAmt" time="0.063" classname="pack.AA_TN_TLP">
    <skipped/>
  </testcase> <!-- Loan_PartialPmtStopRenewal_LetterNotGenerate_EOD1stInsDueDate_LoanNotRenewed_Default_DFLTAmt -->
  <testcase name="AA_TwoLoans_OneVIN_OneDefault_Repossession_Salvage_Refund" time="0.025" classname="pack.AA_TN_TLP">
    <skipped/>
  </testcase> <!-- AA_TwoLoans_OneVIN_OneDefault_Repossession_Salvage_Refund -->
  <testcase name="NewLoan_Agestore_beforeduedate_Partialpymt_Void" time="0.022" classname="pack.AA_TN_TLP">
    <skipped/>
  </testcase> <!-- NewLoan_Agestore_beforeduedate_Partialpymt_Void -->
  <testcase name="NewLoan_Agestore_beforeduedate_Payoff_Void" time="0.023" classname="pack.AA_TN_TLP">
    <skipped/>
  </testcase> <!-- NewLoan_Agestore_beforeduedate_Payoff_Void -->
  <testcase name="NewLoan_Bi_Weekly_Frequency_Check_Duedate_30days" time="0.026" classname="pack.AA_TN_TLP">
    <skipped/>
  </testcase> <!-- NewLoan_Bi_Weekly_Frequency_Check_Duedate_30days -->
  <testcase name="TwoLoans_1VIN_1DFLT_2NotDFLT_Voluntary_Surrender_Auction_SalewithlessAmt_Waived_OtherloanWaived" time="0.023" classname="pack.AA_TN_TLP">
    <skipped/>
  </testcase> <!-- TwoLoans_1VIN_1DFLT_2NotDFLT_Voluntary_Surrender_Auction_SalewithlessAmt_Waived_OtherloanWaived -->
  <testcase name="TwoLoans_1VIN_1DFLT_2NotDFLT_Voluntary_Surrender_Auction_Salewithmorethantwoloans_TotalDue_Waived_OtherloanWaived" time="0.024" classname="pack.AA_TN_TLP">
    <skipped/>
  </testcase> <!-- TwoLoans_1VIN_1DFLT_2NotDFLT_Voluntary_Surrender_Auction_Salewithmorethantwoloans_TotalDue_Waived_OtherloanWaived -->
  <testcase name="TwoLoans_1VIN_1DFLT_2NotDFLT_Voluntary_Surrender_Auction_Salewithmorethanoneloan_TotalDue_Remainingsaletootherloan_remainingamtWaived" time="0.022" classname="pack.AA_TN_TLP">
    <skipped/>
  </testcase> <!-- TwoLoans_1VIN_1DFLT_2NotDFLT_Voluntary_Surrender_Auction_Salewithmorethanoneloan_TotalDue_Remainingsaletootherloan_remainingamtWaived -->
  <testcase name="TwoLoans_singleVIN_OneDFLT_Other_ShouldNotDFLT_VoluntarySurrender" time="0.026" classname="pack.AA_TN_TLP">
    <skipped/>
  </testcase> <!-- TwoLoans_singleVIN_OneDFLT_Other_ShouldNotDFLT_VoluntarySurrender -->
  <testcase name="TwoLoans_singleVIN_OneDFLT_Other_ShouldNotDFLT2_Voluntary_Surrender_Salvage_MorethanoneloanTotalDue_Waived" time="0.027" classname="pack.AA_TN_TLP">
    <skipped/>
  </testcase> <!-- TwoLoans_singleVIN_OneDFLT_Other_ShouldNotDFLT2_Voluntary_Surrender_Salvage_MorethanoneloanTotalDue_Waived -->
  <testcase name="TwoLoans_singleVIN_OneDFLT_Other_ShouldNotDFLT2_Voluntary_Surrender_Salvage_TwoloansTotalDue_2loansclosed_refund" time="0.022" classname="pack.AA_TN_TLP">
    <skipped/>
  </testcase> <!-- TwoLoans_singleVIN_OneDFLT_Other_ShouldNotDFLT2_Voluntary_Surrender_Salvage_TwoloansTotalDue_2loansclosed_refund -->
  <testcase name="TwoLoans_singleVIN_OneDFLT_Other_ShouldNotDFLT2_Voluntary_Surrender_Salvage_Waived" time="0.022" classname="pack.AA_TN_TLP">
    <skipped/>
  </testcase> <!-- TwoLoans_singleVIN_OneDFLT_Other_ShouldNotDFLT2_Voluntary_Surrender_Salvage_Waived -->
  <testcase name="BarrowRegistration_VerfyLoanAmountBased_BlockBookValueOrnot" time="0.022" classname="pack.AA_TN_TLP">
    <skipped/>
  </testcase> <!-- BarrowRegistration_VerfyLoanAmountBased_BlockBookValueOrnot -->
  <testcase name="Newloan_void" time="0.022" classname="pack.AA_TN_TLP">
    <skipped/>
  </testcase> <!-- Newloan_void -->
  <testcase name="NewLoan_Rescind" time="0.265" classname="pack.AA_TN_TLP">
    <skipped/>
  </testcase> <!-- NewLoan_Rescind -->
  <testcase name="NewLoan_EODon10DaysBeforeInstallmentDuedate_RenewalLaterShouldBePrinted" time="0.030" classname="pack.AA_TN_TLP">
    <skipped/>
  </testcase> <!-- NewLoan_EODon10DaysBeforeInstallmentDuedate_RenewalLaterShouldBePrinted -->
  <testcase name="NewLoan_EODon10DaysBeforeInstallmentDuedate_RenewalLaterShouldBePrinted_OnDueDateEOD_Renewed" time="0.022" classname="pack.AA_TN_TLP">
    <skipped/>
  </testcase> <!-- NewLoan_EODon10DaysBeforeInstallmentDuedate_RenewalLaterShouldBePrinted_OnDueDateEOD_Renewed -->
  <testcase name="NewLoan_PartialPayment_GenerateRenewLater10DaysBeforeDueDate_ShouldnotgenerateTheRenewalLater" time="0.023" classname="pack.AA_TN_TLP">
    <skipped/>
  </testcase> <!-- NewLoan_PartialPayment_GenerateRenewLater10DaysBeforeDueDate_ShouldnotgenerateTheRenewalLater -->
  <testcase name="NewLoan_PartialPayment_GenerateRenewLater10DaysBeforeDueDate_ShouldnotgenerateTheRenewalLater_PartialPayment" time="0.023" classname="pack.AA_TN_TLP">
    <skipped/>
  </testcase> <!-- NewLoan_PartialPayment_GenerateRenewLater10DaysBeforeDueDate_ShouldnotgenerateTheRenewalLater_PartialPayment -->
  <testcase name="NewLoan_PartialPayment_GenerateRenewLater10DaysBeforeDueDate_ShouldnotgenerateTheRenewalLater_1stand2ndinstallmentPayment_on2ndinstallmentdurationdate" time="0.029" classname="pack.AA_TN_TLP">
    <skipped/>
  </testcase> <!-- NewLoan_PartialPayment_GenerateRenewLater10DaysBeforeDueDate_ShouldnotgenerateTheRenewalLater_1stand2ndinstallmentPayment_on2ndinstallmentdurationdate -->
  <testcase name="Loan_GenerateLetter_EOD1stInstDate_EOD2ndInstDate_Default_DefaultPmt_LoanShouldbeClosed" time="0.027" classname="pack.AA_TN_TLP">
    <skipped/>
  </testcase> <!-- Loan_GenerateLetter_EOD1stInstDate_EOD2ndInstDate_Default_DefaultPmt_LoanShouldbeClosed -->
  <testcase name="TwoLoans_singleVIN_OneDFLT_Other_ShouldNotDFLT2_Surrender_Salvage_Waive1" time="0.028" classname="pack.AA_TN_TLP">
    <skipped/>
  </testcase> <!-- TwoLoans_singleVIN_OneDFLT_Other_ShouldNotDFLT2_Surrender_Salvage_Waive1 -->
  <testcase name="Newloan_Default_Writeoff_WriteOffRecovery_LoanShouldClosed" time="0.022" classname="pack.AA_TN_TLP">
    <skipped/>
  </testcase> <!-- Newloan_Default_Writeoff_WriteOffRecovery_LoanShouldClosed -->
  <testcase name="Newloan_Default_Writeoff_WriteOffRecovery_void_LoanOpened" time="0.025" classname="pack.AA_TN_TLP">
    <skipped/>
  </testcase> <!-- Newloan_Default_Writeoff_WriteOffRecovery_void_LoanOpened -->
  <testcase name="Newloan_1stinstTo3rdinstPayment_check4thinstpayment" time="0.022" classname="pack.AA_TN_TLP">
    <skipped/>
  </testcase> <!-- Newloan_1stinstTo3rdinstPayment_check4thinstpayment -->
  <testcase name="AA_NewLoan_PartialPayment_StopRenew_EODDuedate" time="0.024" classname="pack.AA_TN_TLP">
    <skipped/>
  </testcase> <!-- AA_NewLoan_PartialPayment_StopRenew_EODDuedate -->
  <testcase name="AA_NewLoan_PPayment_StpY_2inst_FeePriciple_PPayment" time="0.021" classname="pack.AA_TN_TLP">
    <skipped/>
  </testcase> <!-- AA_NewLoan_PPayment_StpY_2inst_FeePriciple_PPayment -->
  <testcase name="AA_NewLoan_PPayment_StpY_2ndInstDuration_Payment_StpN" time="0.000" classname="pack.AA_TN_TLP">
    <skipped/>
  </testcase> <!-- AA_NewLoan_PPayment_StpY_2ndInstDuration_Payment_StpN -->
  <testcase name="AA_OneCustomer_OneVIN_TwoLoans_Writoff" time="0.000" classname="pack.AA_TN_TLP">
    <skipped/>
  </testcase> <!-- AA_OneCustomer_OneVIN_TwoLoans_Writoff -->
</testsuite> <!-- pack.AA_TN_TLP -->
